TN:
SF:src/app.ts
FNF:0
FNH:0
DA:1,1
DA:2,1
DA:3,1
DA:4,1
DA:5,1
DA:6,1
DA:7,1
DA:8,1
DA:9,1
DA:10,1
DA:11,1
DA:12,1
DA:13,1
DA:14,1
DA:15,1
DA:16,1
DA:17,1
DA:18,1
DA:19,1
DA:20,1
DA:21,1
DA:22,1
DA:23,0
DA:24,0
DA:25,0
DA:26,0
DA:27,0
DA:28,0
DA:29,0
DA:30,0
DA:31,0
DA:32,0
DA:33,0
DA:34,1
DA:35,1
DA:36,1
LF:36
LH:25
BRF:0
BRH:0
end_of_record
TN:
SF:src/config/auth.ts
FNF:0
FNH:0
DA:1,1
DA:2,1
DA:3,1
DA:4,1
DA:5,1
DA:6,1
DA:7,1
DA:8,1
LF:8
LH:8
BRF:0
BRH:0
end_of_record
TN:
SF:src/database/index.ts
FNF:0
FNH:0
DA:1,1
DA:2,1
DA:3,1
LF:3
LH:3
BRDA:3,0,0,2
BRDA:3,1,0,2
BRDA:3,2,0,4
BRDA:3,3,0,2
BRDA:3,4,0,2
BRF:5
BRH:5
end_of_record
TN:
SF:src/database/migrations/1616681812086-users-table.ts
FN:3,usersTable1616681812086
FN:5,Object.<anonymous>.usersTable1616681812086.up
FN:41,Object.<anonymous>.usersTable1616681812086.down
FNF:3
FNH:2
FNDA:2,usersTable1616681812086
FNDA:1,Object.<anonymous>.usersTable1616681812086.up
FNDA:0,Object.<anonymous>.usersTable1616681812086.down
DA:1,1
DA:2,1
DA:3,2
DA:4,2
DA:5,2
DA:6,1
DA:7,1
DA:8,1
DA:9,1
DA:10,1
DA:11,1
DA:12,1
DA:13,1
DA:14,1
DA:15,1
DA:16,1
DA:17,1
DA:18,1
DA:19,1
DA:20,1
DA:21,1
DA:22,1
DA:23,1
DA:24,1
DA:25,1
DA:26,1
DA:27,1
DA:28,1
DA:29,1
DA:30,1
DA:31,1
DA:32,1
DA:33,1
DA:34,1
DA:35,1
DA:36,1
DA:37,1
DA:38,1
DA:39,1
DA:40,2
DA:41,2
DA:42,0
DA:43,0
DA:44,2
DA:45,2
LF:45
LH:43
BRDA:3,0,0,2
BRDA:3,1,0,2
BRDA:5,2,0,1
BRDA:6,3,0,1
BRF:4
BRH:4
end_of_record
TN:
SF:src/database/migrations/1616682561481-statements-table.ts
FN:3,accountsTable1616682561481
FN:5,Object.<anonymous>.accountsTable1616682561481.up
FN:74,Object.<anonymous>.accountsTable1616682561481.down
FNF:3
FNH:1
FNDA:2,accountsTable1616682561481
FNDA:0,Object.<anonymous>.accountsTable1616682561481.up
FNDA:0,Object.<anonymous>.accountsTable1616682561481.down
DA:1,1
DA:2,1
DA:3,2
DA:4,2
DA:5,2
DA:6,0
DA:7,0
DA:8,0
DA:9,0
DA:10,0
DA:11,0
DA:12,0
DA:13,0
DA:14,0
DA:15,0
DA:16,0
DA:17,0
DA:18,0
DA:19,0
DA:20,0
DA:21,0
DA:22,0
DA:23,0
DA:24,0
DA:25,0
DA:26,0
DA:27,0
DA:28,0
DA:29,0
DA:30,0
DA:31,0
DA:32,0
DA:33,0
DA:34,0
DA:35,0
DA:36,0
DA:37,0
DA:38,0
DA:39,0
DA:40,0
DA:41,0
DA:42,0
DA:43,0
DA:44,0
DA:45,0
DA:46,0
DA:47,0
DA:48,0
DA:49,0
DA:50,0
DA:51,0
DA:52,0
DA:53,0
DA:54,0
DA:55,0
DA:56,0
DA:57,0
DA:58,0
DA:59,0
DA:60,0
DA:61,0
DA:62,0
DA:63,0
DA:64,0
DA:65,0
DA:66,0
DA:67,0
DA:68,0
DA:69,0
DA:70,0
DA:71,0
DA:72,0
DA:73,2
DA:74,2
DA:75,0
DA:76,0
DA:77,2
DA:78,2
LF:78
LH:9
BRDA:3,0,0,2
BRDA:3,1,0,2
BRF:2
BRH:2
end_of_record
TN:
SF:src/modules/statements/entities/Statement.ts
FN:52,Statement
FN:27,Object.<anonymous>.typeorm_1.JoinColumn.name
FN:34,Object.<anonymous>.typeorm_1.JoinColumn.name
FNF:3
FNH:3
FNDA:4,Statement
FNDA:4,Object.<anonymous>.typeorm_1.JoinColumn.name
FNDA:4,Object.<anonymous>.typeorm_1.JoinColumn.name
DA:1,1
DA:2,1
DA:3,1
DA:4,1
DA:5,1
DA:6,1
DA:7,1
DA:8,1
DA:9,1
DA:10,1
DA:11,1
DA:12,1
DA:13,3
DA:14,3
DA:15,3
DA:16,3
DA:17,3
DA:18,1
DA:19,1
DA:20,3
DA:21,3
DA:22,3
DA:23,3
DA:24,3
DA:25,3
DA:26,3
DA:27,3
DA:28,3
DA:29,3
DA:30,3
DA:31,3
DA:32,3
DA:33,3
DA:34,3
DA:35,3
DA:36,3
DA:37,3
DA:38,3
DA:39,3
DA:40,3
DA:41,3
DA:42,3
DA:43,3
DA:44,3
DA:45,3
DA:46,3
DA:47,3
DA:48,3
DA:49,3
DA:50,3
DA:51,3
DA:52,3
DA:53,4
DA:54,4
DA:55,4
DA:56,4
DA:57,3
LF:57
LH:57
BRDA:13,0,0,3
BRDA:20,1,0,3
BRDA:52,2,0,4
BRDA:27,3,0,4
BRDA:27,4,0,4
BRDA:34,5,0,4
BRDA:34,6,0,4
BRF:7
BRH:7
end_of_record
TN:
SF:src/modules/statements/mappers/BalanceMap.ts
FN:3,BalanceMap
FN:4,Object.<anonymous>.BalanceMap.toDTO
FNF:2
FNH:0
FNDA:0,BalanceMap
FNDA:0,Object.<anonymous>.BalanceMap.toDTO
DA:1,1
DA:2,1
DA:3,0
DA:4,0
DA:5,0
DA:6,0
DA:7,0
DA:8,0
DA:9,0
DA:10,0
DA:11,0
DA:12,0
DA:13,0
DA:14,0
DA:15,0
DA:16,0
DA:17,0
DA:18,0
DA:19,0
DA:20,0
DA:21,0
DA:22,0
DA:23,0
DA:24,0
DA:25,0
DA:26,0
DA:27,0
DA:28,0
LF:28
LH:2
BRDA:3,0,0,2
BRF:1
BRH:1
end_of_record
TN:
SF:src/modules/statements/repositories/StatementsRepository.ts
FN:12,StatementsRepository
FN:16,Object.<anonymous>.StatementsRepository.create
FN:34,Object.<anonymous>.StatementsRepository.findStatementOperation
FN:40,Object.<anonymous>.StatementsRepository.getUserBalance
FNF:4
FNH:0
FNDA:0,StatementsRepository
FNDA:0,Object.<anonymous>.StatementsRepository.create
FNDA:0,Object.<anonymous>.StatementsRepository.findStatementOperation
FNDA:0,Object.<anonymous>.StatementsRepository.getUserBalance
DA:1,1
DA:2,1
DA:3,1
DA:4,1
DA:5,1
DA:6,1
DA:7,1
DA:8,1
DA:9,2
DA:10,2
DA:11,2
DA:12,2
DA:13,0
DA:14,0
DA:15,2
DA:16,2
DA:17,0
DA:18,0
DA:19,0
DA:20,0
DA:21,0
DA:22,0
DA:23,0
DA:24,0
DA:25,0
DA:26,0
DA:27,0
DA:28,0
DA:29,0
DA:30,0
DA:31,0
DA:32,0
DA:33,2
DA:34,2
DA:35,0
DA:36,0
DA:37,0
DA:38,0
DA:39,2
DA:40,2
DA:41,0
DA:42,0
DA:43,0
DA:44,0
DA:45,0
DA:46,0
DA:47,0
DA:48,0
DA:49,0
DA:50,0
DA:51,0
DA:52,0
DA:53,0
DA:54,0
DA:55,0
DA:56,0
DA:57,0
DA:58,0
DA:59,0
DA:60,0
DA:61,0
DA:62,0
DA:63,0
DA:64,0
DA:65,0
DA:66,0
DA:67,0
DA:68,0
DA:69,2
LF:69
LH:19
BRDA:9,0,0,2
BRF:1
BRH:1
end_of_record
TN:
SF:src/modules/statements/useCases/createStatement/CreateStatementController.ts
FN:12,CreateStatementController
FN:13,Object.<anonymous>.CreateStatementController.execute
FNF:2
FNH:1
FNDA:2,CreateStatementController
FNDA:0,Object.<anonymous>.CreateStatementController.execute
DA:1,1
DA:2,1
DA:3,1
DA:4,1
DA:5,1
DA:6,2
DA:7,2
DA:8,2
DA:9,2
DA:10,2
DA:11,1
DA:12,2
DA:13,2
DA:14,0
DA:15,0
DA:16,0
DA:17,0
DA:18,0
DA:19,0
DA:20,0
DA:21,0
DA:22,0
DA:23,0
DA:24,0
DA:25,0
DA:26,0
DA:27,0
DA:28,0
DA:29,0
DA:30,0
DA:31,0
DA:32,0
DA:33,0
DA:34,0
DA:35,2
LF:35
LH:14
BRDA:6,0,0,2
BRDA:12,1,0,2
BRDA:12,2,0,2
BRF:3
BRH:3
end_of_record
TN:
SF:src/modules/statements/useCases/createStatement/CreateStatementError.ts
FN:5,UserNotFound
FN:11,InsufficientFunds
FNF:2
FNH:0
FNDA:0,UserNotFound
FNDA:0,InsufficientFunds
DA:1,1
DA:2,1
DA:3,2
DA:4,2
DA:5,2
DA:6,0
DA:7,0
DA:8,2
DA:9,2
DA:10,2
DA:11,2
DA:12,0
DA:13,0
DA:14,2
DA:15,2
LF:15
LH:11
BRDA:3,0,0,2
BRDA:4,1,0,2
BRDA:10,2,0,2
BRF:3
BRH:3
end_of_record
TN:
SF:src/modules/statements/useCases/createStatement/CreateStatementUseCase.ts
FN:10,CreateStatementUseCase
FN:18,Object.<anonymous>.CreateStatementUseCase.execute
FNF:2
FNH:0
FNDA:0,CreateStatementUseCase
FNDA:0,Object.<anonymous>.CreateStatementUseCase.execute
DA:1,1
DA:2,1
DA:3,1
DA:4,1
DA:5,1
DA:6,1
DA:7,1
DA:8,1
DA:9,2
DA:10,2
DA:11,0
DA:12,0
DA:13,0
DA:14,0
DA:15,0
DA:16,0
DA:17,2
DA:18,2
DA:19,0
DA:20,0
DA:21,0
DA:22,0
DA:23,0
DA:24,0
DA:25,0
DA:26,0
DA:27,0
DA:28,0
DA:29,0
DA:30,0
DA:31,0
DA:32,0
DA:33,0
DA:34,0
DA:35,0
DA:36,0
DA:37,0
DA:38,0
DA:39,0
DA:40,0
DA:41,0
DA:42,0
DA:43,2
LF:43
LH:13
BRDA:9,0,0,2
BRF:1
BRH:1
end_of_record
TN:
SF:src/modules/statements/useCases/createStatementTransfer/CreateStatementTransferController.ts
FN:12,CreateStatementTrasferController
FN:13,Object.<anonymous>.CreateStatementTrasferController.execute
FNF:2
FNH:1
FNDA:2,CreateStatementTrasferController
FNDA:0,Object.<anonymous>.CreateStatementTrasferController.execute
DA:1,1
DA:2,1
DA:3,1
DA:4,1
DA:5,1
DA:6,2
DA:7,2
DA:8,2
DA:9,2
DA:10,2
DA:11,1
DA:12,2
DA:13,2
DA:14,0
DA:15,0
DA:16,0
DA:17,0
DA:18,0
DA:19,0
DA:20,0
DA:21,0
DA:22,0
DA:23,0
DA:24,0
DA:25,0
DA:26,0
DA:27,0
DA:28,0
DA:29,0
DA:30,0
DA:31,0
DA:32,0
DA:33,0
DA:34,0
DA:35,0
DA:36,0
DA:37,2
LF:37
LH:14
BRDA:6,0,0,2
BRDA:12,1,0,2
BRDA:12,2,0,2
BRF:3
BRH:3
end_of_record
TN:
SF:src/modules/statements/useCases/createStatementTransfer/CreateStatementTransferUseCase.ts
FN:11,CreateStatementTransferUseCase
FN:19,Object.<anonymous>.CreateStatementTransferUseCase.execute
FNF:2
FNH:0
FNDA:0,CreateStatementTransferUseCase
FNDA:0,Object.<anonymous>.CreateStatementTransferUseCase.execute
DA:1,1
DA:2,1
DA:3,1
DA:4,1
DA:5,1
DA:6,1
DA:7,1
DA:8,1
DA:9,1
DA:10,2
DA:11,2
DA:12,0
DA:13,0
DA:14,0
DA:15,0
DA:16,0
DA:17,0
DA:18,2
DA:19,2
DA:20,0
DA:21,0
DA:22,0
DA:23,0
DA:24,0
DA:25,0
DA:26,0
DA:27,0
DA:28,0
DA:29,0
DA:30,0
DA:31,0
DA:32,0
DA:33,0
DA:34,0
DA:35,0
DA:36,0
DA:37,0
DA:38,0
DA:39,0
DA:40,0
DA:41,0
DA:42,0
DA:43,0
DA:44,0
DA:45,0
DA:46,2
LF:46
LH:14
BRDA:10,0,0,2
BRF:1
BRH:1
end_of_record
TN:
SF:src/modules/statements/useCases/getBalance/GetBalanceController.ts
FN:7,GetBalanceController
FN:8,Object.<anonymous>.GetBalanceController.execute
FNF:2
FNH:1
FNDA:2,GetBalanceController
FNDA:0,Object.<anonymous>.GetBalanceController.execute
DA:1,1
DA:2,1
DA:3,1
DA:4,1
DA:5,1
DA:6,1
DA:7,2
DA:8,2
DA:9,0
DA:10,0
DA:11,0
DA:12,0
DA:13,0
DA:14,0
DA:15,0
DA:16,0
DA:17,0
DA:18,0
DA:19,2
LF:19
LH:9
BRDA:7,0,0,2
BRDA:7,1,0,2
BRF:2
BRH:2
end_of_record
TN:
SF:src/modules/statements/useCases/getBalance/GetBalanceError.ts
FN:4,GetBalanceError
FNF:1
FNH:0
FNDA:0,GetBalanceError
DA:1,1
DA:2,1
DA:3,2
DA:4,2
DA:5,0
DA:6,0
DA:7,2
LF:7
LH:5
BRDA:3,0,0,2
BRF:1
BRH:1
end_of_record
TN:
SF:src/modules/statements/useCases/getBalance/GetBalanceUseCase.ts
FN:19,GetBalanceUseCase
FN:27,Object.<anonymous>.GetBalanceUseCase.execute
FNF:2
FNH:0
FNDA:0,GetBalanceUseCase
FNDA:0,Object.<anonymous>.GetBalanceUseCase.execute
DA:1,1
DA:2,1
DA:3,1
DA:4,1
DA:5,1
DA:6,1
DA:7,1
DA:8,1
DA:9,1
DA:10,1
DA:11,1
DA:12,1
DA:13,1
DA:14,1
DA:15,1
DA:16,1
DA:17,1
DA:18,2
DA:19,2
DA:20,0
DA:21,0
DA:22,0
DA:23,0
DA:24,0
DA:25,0
DA:26,2
DA:27,2
DA:28,0
DA:29,0
DA:30,0
DA:31,0
DA:32,0
DA:33,0
DA:34,0
DA:35,0
DA:36,0
DA:37,0
DA:38,0
DA:39,0
DA:40,0
DA:41,2
LF:41
LH:22
BRDA:18,0,0,2
BRF:1
BRH:1
end_of_record
TN:
SF:src/modules/statements/useCases/getStatementOperation/GetStatementOperationController.ts
FN:6,GetStatementOperationController
FN:7,Object.<anonymous>.GetStatementOperationController.execute
FNF:2
FNH:1
FNDA:2,GetStatementOperationController
FNDA:0,Object.<anonymous>.GetStatementOperationController.execute
DA:1,1
DA:2,1
DA:3,1
DA:4,1
DA:5,1
DA:6,2
DA:7,2
DA:8,0
DA:9,0
DA:10,0
DA:11,0
DA:12,0
DA:13,0
DA:14,0
DA:15,0
DA:16,0
DA:17,0
DA:18,0
DA:19,0
DA:20,2
LF:20
LH:8
BRDA:6,0,0,2
BRDA:6,1,0,2
BRF:2
BRH:2
end_of_record
TN:
SF:src/modules/statements/useCases/getStatementOperation/GetStatementOperationError.ts
FN:5,UserNotFound
FN:11,StatementNotFound
FNF:2
FNH:0
FNDA:0,UserNotFound
FNDA:0,StatementNotFound
DA:1,1
DA:2,1
DA:3,2
DA:4,2
DA:5,2
DA:6,0
DA:7,0
DA:8,2
DA:9,2
DA:10,2
DA:11,2
DA:12,0
DA:13,0
DA:14,2
DA:15,2
LF:15
LH:11
BRDA:3,0,0,2
BRDA:4,1,0,2
BRDA:10,2,0,2
BRF:3
BRH:3
end_of_record
TN:
SF:src/modules/statements/useCases/getStatementOperation/GetStatementOperationUseCase.ts
FN:14,GetStatementOperationUseCase
FN:22,Object.<anonymous>.GetStatementOperationUseCase.execute
FNF:2
FNH:0
FNDA:0,GetStatementOperationUseCase
FNDA:0,Object.<anonymous>.GetStatementOperationUseCase.execute
DA:1,1
DA:2,1
DA:3,1
DA:4,1
DA:5,1
DA:6,1
DA:7,1
DA:8,1
DA:9,1
DA:10,1
DA:11,1
DA:12,1
DA:13,2
DA:14,2
DA:15,0
DA:16,0
DA:17,0
DA:18,0
DA:19,0
DA:20,0
DA:21,2
DA:22,2
DA:23,0
DA:24,0
DA:25,0
DA:26,0
DA:27,0
DA:28,0
DA:29,0
DA:30,0
DA:31,0
DA:32,0
DA:33,0
DA:34,0
DA:35,0
DA:36,0
DA:37,0
DA:38,2
LF:38
LH:17
BRDA:13,0,0,2
BRF:1
BRH:1
end_of_record
TN:
SF:src/modules/users/entities/User.ts
FN:35,User
FNF:1
FNH:1
FNDA:5,User
DA:1,1
DA:2,1
DA:3,1
DA:4,1
DA:5,1
DA:6,1
DA:7,1
DA:8,1
DA:9,1
DA:10,1
DA:11,1
DA:12,1
DA:13,3
DA:14,3
DA:15,3
DA:16,3
DA:17,3
DA:18,3
DA:19,3
DA:20,3
DA:21,3
DA:22,3
DA:23,3
DA:24,3
DA:25,3
DA:26,3
DA:27,3
DA:28,3
DA:29,3
DA:30,3
DA:31,3
DA:32,3
DA:33,3
DA:34,3
DA:35,3
DA:36,5
DA:37,5
DA:38,5
DA:39,5
DA:40,3
LF:40
LH:40
BRDA:13,0,0,3
BRDA:35,1,0,5
BRDA:26,2,0,4
BRDA:26,3,0,4
BRF:4
BRH:4
end_of_record
TN:
SF:src/modules/users/mappers/ProfileMap.ts
FN:3,ProfileMap
FN:4,Object.<anonymous>.ProfileMap.toDTO
FNF:2
FNH:0
FNDA:0,ProfileMap
FNDA:0,Object.<anonymous>.ProfileMap.toDTO
DA:1,1
DA:2,1
DA:3,0
DA:4,0
DA:5,0
DA:6,0
DA:7,0
DA:8,0
DA:9,0
DA:10,0
DA:11,0
DA:12,0
DA:13,0
LF:13
LH:2
BRDA:3,0,0,2
BRF:1
BRH:1
end_of_record
TN:
SF:src/modules/users/repositories/UsersRepository.ts
FN:10,UsersRepository
FN:14,Object.<anonymous>.UsersRepository.findByEmail
FN:20,Object.<anonymous>.UsersRepository.findById
FN:24,Object.<anonymous>.UsersRepository.create
FNF:4
FNH:0
FNDA:0,UsersRepository
FNDA:0,Object.<anonymous>.UsersRepository.findByEmail
FNDA:0,Object.<anonymous>.UsersRepository.findById
FNDA:0,Object.<anonymous>.UsersRepository.create
DA:1,1
DA:2,1
DA:3,1
DA:4,1
DA:5,1
DA:6,1
DA:7,2
DA:8,2
DA:9,2
DA:10,2
DA:11,0
DA:12,0
DA:13,2
DA:14,2
DA:15,0
DA:16,0
DA:17,0
DA:18,0
DA:19,2
DA:20,2
DA:21,0
DA:22,0
DA:23,2
DA:24,2
DA:25,0
DA:26,0
DA:27,0
DA:28,0
DA:29,2
LF:29
LH:17
BRDA:7,0,0,2
BRF:1
BRH:1
end_of_record
TN:
SF:src/modules/users/repositories/in-memory/InMemoryUsersRepository.ts
FN:6,InMemoryUsersRepository
FN:9,Object.<anonymous>.InMemoryUsersRepository.findByEmail
FN:13,Object.<anonymous>.InMemoryUsersRepository.findById
FN:17,Object.<anonymous>.InMemoryUsersRepository.create
FNF:4
FNH:3
FNDA:4,InMemoryUsersRepository
FNDA:5,Object.<anonymous>.InMemoryUsersRepository.findByEmail
FNDA:0,Object.<anonymous>.InMemoryUsersRepository.findById
FNDA:1,Object.<anonymous>.InMemoryUsersRepository.create
DA:1,1
DA:2,1
DA:3,1
DA:4,1
DA:5,1
DA:6,4
DA:7,4
DA:8,4
DA:9,4
DA:10,5
DA:11,5
DA:12,4
DA:13,4
DA:14,0
DA:15,0
DA:16,4
DA:17,4
DA:18,1
DA:19,1
DA:20,1
DA:21,1
DA:22,1
DA:23,4
LF:23
LH:21
BRDA:6,0,0,1
BRDA:6,1,0,4
BRDA:9,2,0,5
BRDA:10,3,0,1
BRDA:17,4,0,1
BRF:5
BRH:5
end_of_record
TN:
SF:src/modules/users/useCases/authenticateUser/AuthenticateUserController.ts
FN:6,AuthenticateUserController
FN:7,Object.<anonymous>.AuthenticateUserController.execute
FNF:2
FNH:1
FNDA:2,AuthenticateUserController
FNDA:0,Object.<anonymous>.AuthenticateUserController.execute
DA:1,1
DA:2,1
DA:3,1
DA:4,1
DA:5,1
DA:6,2
DA:7,2
DA:8,0
DA:9,0
DA:10,0
DA:11,0
DA:12,0
DA:13,0
DA:14,0
DA:15,0
DA:16,0
DA:17,0
DA:18,0
DA:19,2
LF:19
LH:8
BRDA:6,0,0,2
BRDA:6,1,0,2
BRF:2
BRH:2
end_of_record
TN:
SF:src/modules/users/useCases/authenticateUser/AuthenticateUserUseCase.ts
FN:18,AuthenticateUserUseCase
FN:23,Object.<anonymous>.AuthenticateUserUseCase.execute
FNF:2
FNH:2
FNDA:4,AuthenticateUserUseCase
FNDA:2,Object.<anonymous>.AuthenticateUserUseCase.execute
DA:1,1
DA:2,1
DA:3,1
DA:4,1
DA:5,1
DA:6,1
DA:7,1
DA:8,1
DA:9,1
DA:10,1
DA:11,1
DA:12,1
DA:13,1
DA:14,1
DA:15,1
DA:16,1
DA:17,3
DA:18,3
DA:19,4
DA:20,4
DA:21,4
DA:22,3
DA:23,3
DA:24,2
DA:25,2
DA:26,2
DA:27,1
DA:28,1
DA:29,1
DA:30,1
DA:31,2
DA:32,2
DA:33,0
DA:34,0
DA:35,2
DA:36,2
DA:37,2
DA:38,2
DA:39,2
DA:40,2
DA:41,2
DA:42,2
DA:43,2
DA:44,2
DA:45,2
DA:46,2
DA:47,2
DA:48,2
DA:49,2
DA:50,2
DA:51,2
DA:52,3
LF:52
LH:50
BRDA:17,0,0,3
BRDA:18,1,0,4
BRDA:23,2,0,2
BRDA:24,3,0,2
BRDA:26,4,0,1
BRDA:32,5,0,0
BRF:6
BRH:5
end_of_record
TN:
SF:src/modules/users/useCases/authenticateUser/IncorrectEmailOrPasswordError.ts
FN:4,IncorrectEmailOrPasswordError
FNF:1
FNH:1
FNDA:1,IncorrectEmailOrPasswordError
DA:1,1
DA:2,1
DA:3,3
DA:4,3
DA:5,1
DA:6,1
DA:7,3
LF:7
LH:7
BRDA:3,0,0,3
BRDA:4,1,0,1
BRF:2
BRH:2
end_of_record
TN:
SF:src/modules/users/useCases/createUser/CreateUserController.ts
FN:6,CreateUserController
FN:7,Object.<anonymous>.CreateUserController.execute
FNF:2
FNH:1
FNDA:2,CreateUserController
FNDA:0,Object.<anonymous>.CreateUserController.execute
DA:1,1
DA:2,1
DA:3,1
DA:4,1
DA:5,1
DA:6,2
DA:7,2
DA:8,0
DA:9,0
DA:10,0
DA:11,0
DA:12,0
DA:13,0
DA:14,0
DA:15,0
DA:16,0
DA:17,0
DA:18,0
DA:19,0
DA:20,2
LF:20
LH:8
BRDA:6,0,0,2
BRDA:6,1,0,2
BRF:2
BRH:2
end_of_record
TN:
SF:src/modules/users/useCases/createUser/CreateUserError.ts
FN:4,CreateUserError
FNF:1
FNH:0
FNDA:0,CreateUserError
DA:1,1
DA:2,1
DA:3,3
DA:4,3
DA:5,0
DA:6,0
DA:7,3
LF:7
LH:5
BRDA:3,0,0,3
BRF:1
BRH:1
end_of_record
TN:
SF:src/modules/users/useCases/createUser/CreateUserUseCase.ts
FN:11,CreateUserUseCase
FN:16,Object.<anonymous>.CreateUserUseCase.execute
FNF:2
FNH:2
FNDA:4,CreateUserUseCase
FNDA:3,Object.<anonymous>.CreateUserUseCase.execute
DA:1,1
DA:2,1
DA:3,1
DA:4,1
DA:5,1
DA:6,1
DA:7,1
DA:8,1
DA:9,1
DA:10,3
DA:11,3
DA:12,4
DA:13,4
DA:14,4
DA:15,3
DA:16,3
DA:17,3
DA:18,3
DA:19,3
DA:20,0
DA:21,0
DA:22,3
DA:23,3
DA:24,3
DA:25,3
DA:26,3
DA:27,3
DA:28,3
DA:29,3
DA:30,3
DA:31,3
DA:32,3
DA:33,3
LF:33
LH:31
BRDA:10,0,0,3
BRDA:11,1,0,4
BRDA:16,2,0,3
BRDA:17,3,0,3
BRDA:19,4,0,0
BRF:5
BRH:4
end_of_record
TN:
SF:src/modules/users/useCases/showUserProfile/ShowUserProfileController.ts
FN:7,ShowUserProfileController
FN:8,Object.<anonymous>.ShowUserProfileController.execute
FNF:2
FNH:1
FNDA:2,ShowUserProfileController
FNDA:0,Object.<anonymous>.ShowUserProfileController.execute
DA:1,1
DA:2,1
DA:3,1
DA:4,1
DA:5,1
DA:6,1
DA:7,2
DA:8,2
DA:9,0
DA:10,0
DA:11,0
DA:12,0
DA:13,0
DA:14,0
DA:15,0
DA:16,0
DA:17,0
DA:18,0
DA:19,2
LF:19
LH:9
BRDA:7,0,0,2
BRDA:7,1,0,2
BRF:2
BRH:2
end_of_record
TN:
SF:src/modules/users/useCases/showUserProfile/ShowUserProfileError.ts
FN:4,ShowUserProfileError
FNF:1
FNH:0
FNDA:0,ShowUserProfileError
DA:1,1
DA:2,1
DA:3,2
DA:4,2
DA:5,0
DA:6,0
DA:7,2
LF:7
LH:5
BRDA:3,0,0,2
BRF:1
BRH:1
end_of_record
TN:
SF:src/modules/users/useCases/showUserProfile/ShowUserProfileUseCase.ts
FN:8,ShowUserProfileUseCase
FN:13,Object.<anonymous>.ShowUserProfileUseCase.execute
FNF:2
FNH:0
FNDA:0,ShowUserProfileUseCase
FNDA:0,Object.<anonymous>.ShowUserProfileUseCase.execute
DA:1,1
DA:2,1
DA:3,1
DA:4,1
DA:5,1
DA:6,1
DA:7,2
DA:8,2
DA:9,0
DA:10,0
DA:11,0
DA:12,2
DA:13,2
DA:14,0
DA:15,0
DA:16,0
DA:17,0
DA:18,0
DA:19,0
DA:20,0
DA:21,0
DA:22,2
LF:22
LH:11
BRDA:7,0,0,2
BRF:1
BRH:1
end_of_record
TN:
SF:src/routes/authentication.routes.ts
FNF:0
FNH:0
DA:1,1
DA:2,1
DA:3,1
DA:4,1
DA:5,1
DA:6,1
DA:7,1
DA:8,1
DA:9,1
DA:10,1
LF:10
LH:10
BRF:0
BRH:0
end_of_record
TN:
SF:src/routes/index.ts
FNF:0
FNH:0
DA:1,1
DA:2,1
DA:3,1
DA:4,1
DA:5,1
DA:6,1
DA:7,1
DA:8,1
DA:9,1
DA:10,1
DA:11,1
DA:12,1
DA:13,1
DA:14,1
DA:15,1
DA:16,1
LF:16
LH:16
BRF:0
BRH:0
end_of_record
TN:
SF:src/routes/statements.routes.ts
FNF:0
FNH:0
DA:1,1
DA:2,1
DA:3,1
DA:4,1
DA:5,1
DA:6,1
DA:7,1
DA:8,1
DA:9,1
DA:10,1
DA:11,1
DA:12,1
DA:13,1
DA:14,1
DA:15,1
DA:16,1
DA:17,1
DA:18,1
DA:19,1
DA:20,1
DA:21,1
DA:22,1
DA:23,1
LF:23
LH:23
BRF:0
BRH:0
end_of_record
TN:
SF:src/routes/userProfile.routes.ts
FNF:0
FNH:0
DA:1,1
DA:2,1
DA:3,1
DA:4,1
DA:5,1
DA:6,1
DA:7,1
DA:8,1
DA:9,1
DA:10,1
DA:11,1
DA:12,1
DA:13,1
LF:13
LH:13
BRF:0
BRH:0
end_of_record
TN:
SF:src/routes/users.routes.ts
FNF:0
FNH:0
DA:1,1
DA:2,1
DA:3,1
DA:4,1
DA:5,1
DA:6,1
DA:7,1
DA:8,1
DA:9,1
DA:10,1
LF:10
LH:10
BRF:0
BRH:0
end_of_record
TN:
SF:src/shared/container/index.ts
FNF:0
FNH:0
DA:1,1
DA:2,1
DA:3,1
DA:4,1
DA:5,1
DA:6,1
DA:7,1
DA:8,1
DA:9,1
DA:10,1
DA:11,1
DA:12,1
DA:13,1
DA:14,1
DA:15,1
DA:16,1
DA:17,1
LF:17
LH:17
BRF:0
BRH:0
end_of_record
TN:
SF:src/shared/errors/AppError.ts
FN:6,AppError
FNF:1
FNH:1
FNDA:1,AppError
DA:1,3
DA:2,3
DA:3,3
DA:4,3
DA:5,3
DA:6,3
DA:7,1
DA:8,1
DA:9,1
DA:10,3
LF:10
LH:10
BRDA:1,0,0,3
BRDA:6,1,0,1
BRDA:6,2,0,0
BRF:3
BRH:2
end_of_record
TN:
SF:src/shared/errors/JWTInvalidTokenError.ts
FN:4,JWTInvalidTokenError
FNF:1
FNH:0
FNDA:0,JWTInvalidTokenError
DA:1,1
DA:2,1
DA:3,2
DA:4,2
DA:5,0
DA:6,0
DA:7,2
LF:7
LH:5
BRDA:3,0,0,2
BRF:1
BRH:1
end_of_record
TN:
SF:src/shared/errors/JWTTokenMissingError.ts
FN:4,JWTTokenMissingError
FNF:1
FNH:0
FNDA:0,JWTTokenMissingError
DA:1,1
DA:2,1
DA:3,2
DA:4,2
DA:5,0
DA:6,0
DA:7,2
LF:7
LH:5
BRDA:3,0,0,2
BRF:1
BRH:1
end_of_record
TN:
SF:src/shared/infra/http/middlwares/ensureAuthenticated.ts
FN:12,ensureAuthenticated
FNF:1
FNH:0
FNDA:0,ensureAuthenticated
DA:1,1
DA:2,1
DA:3,1
DA:4,1
DA:5,1
DA:6,1
DA:7,1
DA:8,1
DA:9,1
DA:10,1
DA:11,1
DA:12,0
DA:13,0
DA:14,0
DA:15,0
DA:16,0
DA:17,0
DA:18,0
DA:19,0
DA:20,0
DA:21,0
DA:22,0
DA:23,0
DA:24,0
DA:25,0
DA:26,0
DA:27,0
DA:28,0
DA:29,0
DA:30,0
DA:31,0
DA:32,0
DA:33,0
DA:34,0
DA:35,0
DA:36,0
LF:36
LH:11
BRF:0
BRH:0
end_of_record
